16:08:46: Creating resource group General
16:08:46: Creating resource group Internal
16:08:46: Creating resource group Autodetect
16:08:46: SceneManagerFactory for type 'DefaultSceneManager' registered.
16:08:46: Registering ResourceManager for type Material
16:08:46: Registering ResourceManager for type Mesh
16:08:46: Registering ResourceManager for type Skeleton
16:08:46: MovableObjectFactory for type 'ParticleSystem' registered.
16:08:46: OverlayElementFactory for type Panel registered.
16:08:46: OverlayElementFactory for type BorderPanel registered.
16:08:46: OverlayElementFactory for type TextArea registered.
16:08:46: Registering ResourceManager for type Font
16:08:46: ArchiveFactory for archive type FileSystem registered.
16:08:46: ArchiveFactory for archive type Zip registered.
16:08:46: DDS codec registering
16:08:46: FreeImage version: 3.15.1
16:08:46: This program uses FreeImage, a free, open source image library supporting all common bitmap formats. See http://freeimage.sourceforge.net for details
16:08:46: Supported formats: bmp,ico,jpg,jif,jpeg,jpe,jng,koa,iff,lbm,mng,pbm,pbm,pcd,pcx,pgm,pgm,png,ppm,ppm,ras,tga,targa,tif,tiff,wap,wbmp,wbm,psd,cut,xbm,xpm,gif,hdr,g3,sgi,exr,j2k,j2c,jp2,pfm,pct,pict,pic,3fr,arw,bay,bmq,cap,cine,cr2,crw,cs1,dc2,dcr,drf,dsc,dng,erf,fff,ia,iiq,k25,kc2,kdc,mdc,mef,mos,mrw,nef,nrw,orf,pef,ptx,pxn,qtk,raf,raw,rdc,rw2,rwl,rwz,sr2,srf,sti
16:08:46: Registering ResourceManager for type HighLevelGpuProgram
16:08:46: Registering ResourceManager for type Compositor
16:08:46: MovableObjectFactory for type 'Entity' registered.
16:08:46: MovableObjectFactory for type 'Light' registered.
16:08:46: MovableObjectFactory for type 'BillboardSet' registered.
16:08:46: MovableObjectFactory for type 'ManualObject' registered.
16:08:46: MovableObjectFactory for type 'BillboardChain' registered.
16:08:46: MovableObjectFactory for type 'RibbonTrail' registered.
16:08:46: *-*-* OGRE Initialising
16:08:46: *-*-* Version 1.7.4 (Cthugha)
16:08:46: Installing plugin: GL RenderSystem
16:08:46: OpenGL Rendering Subsystem created.
16:08:46: Plugin successfully installed
16:08:46: Installing plugin: Cg Program Manager
16:08:46: Plugin successfully installed
16:08:46: Creating resource group Essential
16:08:46: Added resource location './media/packs/SdkTrays.zip' of type 'Zip' to resource group 'Essential'
16:08:46: Added resource location './media' of type 'FileSystem' to resource group 'General'
16:08:46: Added resource location './media/materials/scripts' of type 'FileSystem' to resource group 'General'
16:08:46: Added resource location './media/materials/textures' of type 'FileSystem' to resource group 'General'
16:08:46: Added resource location './media/materials/tam' of type 'FileSystem' to resource group 'General'
16:08:47: Added resource location './media/models' of type 'FileSystem' to resource group 'General'
16:08:47: CPU Identifier & Features
16:08:47: -------------------------
16:08:47:  *   CPU ID: GenuineIntel: Intel(R) Core(TM) i5 CPU       M 540  @ 2.53GHz
16:08:47:  *      SSE: yes
16:08:47:  *     SSE2: yes
16:08:47:  *     SSE3: yes
16:08:47:  *      MMX: yes
16:08:47:  *   MMXEXT: yes
16:08:47:  *    3DNOW: no
16:08:47:  * 3DNOWEXT: no
16:08:47:  *     CMOV: yes
16:08:47:  *      TSC: yes
16:08:47:  *      FPU: yes
16:08:47:  *      PRO: yes
16:08:47:  *       HT: no
16:08:47: -------------------------
16:08:47: ******************************
*** Starting GLX Subsystem ***
******************************
16:08:47: GLRenderSystem::_createRenderWindow "Application", 1440x900 fullscreen  miscParams: FSAA=0 displayFrequency=50 MHz gamma=No vsync=No 
16:08:47: OGRE EXCEPTION(6:FileNotFoundException): Cannot locate resource GLX_icon.png in resource group General or any other group. in ResourceGroupManager::openResource at /home/spike/Desktop/clean_ogre_cmake_project/OGRE/ogre_src_v1-7-4/OgreMain/src/OgreResourceGroupManager.cpp (line 753)
16:08:47: GLXWindow::create used FBConfigID = 117
16:08:47: GL_VERSION = 3.3.0 NVIDIA 280.13
16:08:47: GL_VENDOR = NVIDIA Corporation
16:08:47: GL_RENDERER = NVS 3100M/PCI/SSE2
16:08:47: GL_EXTENSIONS = GL_ARB_blend_func_extended GL_ARB_color_buffer_float GL_ARB_compatibility GL_ARB_copy_buffer GL_ARB_depth_buffer_float GL_ARB_depth_clamp GL_ARB_depth_texture GL_ARB_draw_buffers GL_ARB_draw_buffers_blend GL_ARB_draw_elements_base_vertex GL_ARB_draw_instanced GL_ARB_ES2_compatibility GL_ARB_explicit_attrib_location GL_ARB_fragment_coord_conventions GL_ARB_fragment_program GL_ARB_fragment_program_shadow GL_ARB_fragment_shader GL_ARB_framebuffer_object GL_ARB_framebuffer_sRGB GL_ARB_geometry_shader4 GL_ARB_get_program_binary GL_ARB_half_float_pixel GL_ARB_half_float_vertex GL_ARB_imaging GL_ARB_instanced_arrays GL_ARB_map_buffer_range GL_ARB_multisample GL_ARB_multitexture GL_ARB_occlusion_query GL_ARB_occlusion_query2 GL_ARB_pixel_buffer_object GL_ARB_point_parameters GL_ARB_point_sprite GL_ARB_provoking_vertex GL_ARB_robustness GL_ARB_sample_shading GL_ARB_sampler_objects GL_ARB_seamless_cube_map GL_ARB_separate_shader_objects GL_ARB_shader_bit_encoding GL_ARB_shader_objects GL_ARB_shading_language_100 GL_ARB_shading_language_include GL_ARB_shadow GL_ARB_sync GL_ARB_texture_border_clamp GL_ARB_texture_buffer_object GL_ARB_texture_compression GL_ARB_texture_compression_rgtc GL_ARB_texture_cube_map GL_ARB_texture_cube_map_array GL_ARB_texture_env_add GL_ARB_texture_env_combine GL_ARB_texture_env_crossbar GL_ARB_texture_env_dot3 GL_ARB_texture_float GL_ARB_texture_gather GL_ARB_texture_mirrored_repeat GL_ARB_texture_multisample GL_ARB_texture_non_power_of_two GL_ARB_texture_query_lod GL_ARB_texture_rectangle GL_ARB_texture_rg GL_ARB_texture_rgb10_a2ui GL_ARB_texture_swizzle GL_ARB_timer_query GL_ARB_transform_feedback2 GL_ARB_transpose_matrix GL_ARB_uniform_buffer_object GL_ARB_vertex_array_bgra GL_ARB_vertex_array_object GL_ARB_vertex_buffer_object GL_ARB_vertex_program GL_ARB_vertex_shader GL_ARB_vertex_type_2_10_10_10_rev GL_ARB_viewport_array GL_ARB_window_pos GL_ATI_draw_buffers GL_ATI_texture_float GL_ATI_texture_mirror_once GL_S3_s3tc GL_EXT_texture_env_add GL_EXT_abgr GL_EXT_bgra GL_EXT_bindable_uniform GL_EXT_blend_color GL_EXT_blend_equation_separate GL_EXT_blend_func_separate GL_EXT_blend_minmax GL_EXT_blend_subtract GL_EXT_compiled_vertex_array GL_EXT_Cg_shader GL_EXT_depth_bounds_test GL_EXT_direct_state_access GL_EXT_draw_buffers2 GL_EXT_draw_instanced GL_EXT_draw_range_elements GL_EXT_fog_coord GL_EXT_framebuffer_blit GL_EXT_framebuffer_multisample GL_EXTX_framebuffer_mixed_formats GL_EXT_framebuffer_object GL_EXT_framebuffer_sRGB GL_EXT_geometry_shader4 GL_EXT_gpu_program_parameters GL_EXT_gpu_shader4 GL_EXT_multi_draw_arrays GL_EXT_packed_depth_stencil GL_EXT_packed_float GL_EXT_packed_pixels GL_EXT_pixel_buffer_object GL_EXT_point_parameters GL_EXT_provoking_vertex GL_EXT_rescale_normal GL_EXT_secondary_color GL_EXT_separate_shader_objects GL_EXT_separate_specular_color GL_EXT_shadow_funcs GL_EXT_stencil_two_side GL_EXT_stencil_wrap GL_EXT_texture3D GL_EXT_texture_array GL_EXT_texture_buffer_object GL_EXT_texture_compression_dxt1 GL_EXT_texture_compression_latc GL_EXT_texture_compression_rgtc GL_EXT_texture_compression_s3tc GL_EXT_texture_cube_map GL_EXT_texture_edge_clamp GL_EXT_texture_env_combine GL_EXT_texture_env_dot3 GL_EXT_texture_filter_anisotropic GL_EXT_texture_format_BGRA8888 GL_EXT_texture_integer GL_EXT_texture_lod GL_EXT_texture_lod_bias GL_EXT_texture_mirror_clamp GL_EXT_texture_object GL_EXT_texture_shared_exponent GL_EXT_texture_sRGB GL_EXT_texture_swizzle GL_EXT_texture_type_2_10_10_10_REV GL_EXT_timer_query GL_EXT_transform_feedback2 GL_EXT_vertex_array GL_EXT_vertex_array_bgra GL_EXT_x11_sync_object GL_EXT_import_sync_object GL_IBM_rasterpos_clip GL_IBM_texture_mirrored_repeat GL_KTX_buffer_region GL_NV_alpha_test GL_NV_blend_minmax GL_NV_blend_square GL_NV_complex_primitives GL_NV_conditional_render GL_NV_copy_depth_to_color GL_NV_copy_image GL_NV_depth_buffer_float GL_NV_depth_clamp GL_NV_explicit_multisample GL_NV_fbo_color_attachments GL_NV_fence GL_NV_float_buffer GL_NV_fog_distance GL_NV_fragdepth GL_NV_fragment_program GL_NV_fragment_program_option GL_NV_fragment_program2 GL_NV_framebuffer_multisample_coverage GL_NV_geometry_shader4 GL_NV_gpu_program4 GL_NV_gpu_program4_1 GL_NV_half_float GL_NV_light_max_exponent GL_NV_multisample_coverage GL_NV_multisample_filter_hint GL_NV_occlusion_query GL_NV_packed_depth_stencil GL_NV_parameter_buffer_object GL_NV_parameter_buffer_object2 GL_NV_path_rendering GL_NV_pixel_data_range GL_NV_point_sprite GL_NV_primitive_restart GL_NV_register_combiners GL_NV_register_combiners2 GL_NV_shader_buffer_load GL_NV_texgen_reflection GL_NV_texture_barrier GL_NV_texture_compression_vtc GL_NV_texture_env_combine4 GL_NV_texture_expand_normal GL_NV_texture_lod_clamp GL_NV_texture_multisample GL_NV_texture_rectangle GL_NV_texture_shader GL_NV_texture_shader2 GL_NV_texture_shader3 GL_NV_transform_feedback GL_NV_transform_feedback2 GL_NV_vdpau_interop GL_NV_vertex_array_range GL_NV_vertex_array_range2 GL_NV_vertex_buffer_unified_memory GL_NV_vertex_program GL_NV_vertex_program1_1 GL_NV_vertex_program2 GL_NV_vertex_program2_option GL_NV_vertex_program3 GL_NVX_conditional_render GL_NVX_gpu_memory_info GL_OES_depth24 GL_OES_depth32 GL_OES_depth_texture GL_OES_element_index_uint GL_OES_fbo_render_mipmap GL_OES_get_program_binary GL_OES_mapbuffer GL_OES_packed_depth_stencil GL_OES_rgb8_rgba8 GL_OES_standard_derivatives GL_OES_texture_3D GL_OES_texture_float GL_OES_texture_float_linear GL_OES_texture_half_float GL_OES_texture_half_float_linear GL_OES_texture_npot GL_OES_vertex_array_object GL_OES_vertex_half_float GL_SGIS_generate_mipmap GL_SGIS_texture_lod GL_SGIX_depth_texture GL_SGIX_shadow GL_SUN_slice_accum 
16:08:47: Supported GLX extensions: GLX_EXT_visual_info GLX_EXT_visual_rating GLX_SGIX_fbconfig GLX_SGIX_pbuffer GLX_SGI_video_sync GLX_SGI_swap_control GLX_EXT_swap_control GLX_EXT_texture_from_pixmap GLX_ARB_create_context GLX_ARB_create_context_profile GLX_EXT_create_context_es2_profile GLX_ARB_create_context_robustness GLX_ARB_multisample GLX_NV_float_buffer GLX_ARB_fbconfig_float GLX_EXT_framebuffer_sRGB GLX_ARB_get_proc_address 
16:08:47: ***************************
16:08:47: *** GL Renderer Started ***
16:08:47: ***************************
16:08:47: Registering ResourceManager for type GpuProgram
16:08:47: GLSL support detected
16:08:47: GL: Using GL_EXT_framebuffer_object for rendering to textures (best)
16:08:47: FBO PF_UNKNOWN depth/stencil support: D16S0 D24S0 D32S0 Packed-D24S8 
16:08:47: FBO PF_L8 depth/stencil support: D0S0 D16S0 D24S0 D32S0 Packed-D24S8 
16:08:47: FBO PF_A8 depth/stencil support: D0S0 D16S0 D24S0 D32S0 Packed-D24S8 
16:08:47: FBO PF_A4L4 depth/stencil support: D0S0 D16S0 D24S0 D32S0 Packed-D24S8 
16:08:47: FBO PF_BYTE_LA depth/stencil support: D0S0 D16S0 D24S0 D32S0 Packed-D24S8 
16:08:47: FBO PF_R5G6B5 depth/stencil support: D0S0 D16S0 D24S0 D32S0 Packed-D24S8 
16:08:47: FBO PF_B5G6R5 depth/stencil support: D0S0 D16S0 D24S0 D32S0 Packed-D24S8 
16:08:47: FBO PF_A4R4G4B4 depth/stencil support: D0S0 D16S0 D24S0 D32S0 Packed-D24S8 
16:08:47: FBO PF_A1R5G5B5 depth/stencil support: D0S0 D16S0 D24S0 D32S0 Packed-D24S8 
16:08:47: FBO PF_R8G8B8 depth/stencil support: D0S0 D16S0 D24S0 D32S0 Packed-D24S8 
16:08:47: FBO PF_B8G8R8 depth/stencil support: D0S0 D16S0 D24S0 D32S0 Packed-D24S8 
16:08:47: FBO PF_A8R8G8B8 depth/stencil support: D0S0 D16S0 D24S0 D32S0 Packed-D24S8 
16:08:47: FBO PF_B8G8R8A8 depth/stencil support: D0S0 D16S0 D24S0 D32S0 Packed-D24S8 
16:08:47: FBO PF_A2R10G10B10 depth/stencil support: D0S0 D16S0 D24S0 D32S0 Packed-D24S8 
16:08:47: FBO PF_A2B10G10R10 depth/stencil support: D0S0 D16S0 D24S0 D32S0 Packed-D24S8 
16:08:47: FBO PF_FLOAT16_RGB depth/stencil support: D0S0 D16S0 D24S0 D32S0 Packed-D24S8 
16:08:47: FBO PF_FLOAT16_RGBA depth/stencil support: D0S0 D16S0 D24S0 D32S0 Packed-D24S8 
16:08:47: FBO PF_FLOAT32_RGB depth/stencil support: D0S0 D16S0 D24S0 D32S0 Packed-D24S8 
16:08:47: FBO PF_FLOAT32_RGBA depth/stencil support: D0S0 D16S0 D24S0 D32S0 Packed-D24S8 
16:08:47: FBO PF_X8R8G8B8 depth/stencil support: D0S0 D16S0 D24S0 D32S0 Packed-D24S8 
16:08:47: FBO PF_X8B8G8R8 depth/stencil support: D0S0 D16S0 D24S0 D32S0 Packed-D24S8 
16:08:47: FBO PF_SHORT_RGBA depth/stencil support: D0S0 D16S0 D24S0 D32S0 Packed-D24S8 
16:08:48: FBO PF_R3G3B2 depth/stencil support: D0S0 D16S0 D24S0 D32S0 Packed-D24S8 
16:08:48: FBO PF_FLOAT16_R depth/stencil support: D0S0 D16S0 D24S0 D32S0 Packed-D24S8 
16:08:48: FBO PF_FLOAT32_R depth/stencil support: D0S0 D16S0 D24S0 D32S0 Packed-D24S8 
16:08:48: FBO PF_FLOAT16_GR depth/stencil support: D0S0 D16S0 D24S0 D32S0 Packed-D24S8 
16:08:48: FBO PF_FLOAT32_GR depth/stencil support: D0S0 D16S0 D24S0 D32S0 Packed-D24S8 
16:08:48: FBO PF_SHORT_RGB depth/stencil support: D0S0 D16S0 D24S0 D32S0 Packed-D24S8 
16:08:48: [GL] : Valid FBO targets PF_UNKNOWN PF_L8 PF_A8 PF_A4L4 PF_BYTE_LA PF_R5G6B5 PF_B5G6R5 PF_A4R4G4B4 PF_A1R5G5B5 PF_R8G8B8 PF_B8G8R8 PF_A8R8G8B8 PF_B8G8R8A8 PF_A2R10G10B10 PF_A2B10G10R10 PF_FLOAT16_RGB PF_FLOAT16_RGBA PF_FLOAT32_RGB PF_FLOAT32_RGBA PF_X8R8G8B8 PF_X8B8G8R8 PF_SHORT_RGBA PF_R3G3B2 PF_FLOAT16_R PF_FLOAT32_R PF_FLOAT16_GR PF_FLOAT32_GR PF_SHORT_RGB 
16:08:48: RenderSystem capabilities
16:08:48: -------------------------
16:08:48: RenderSystem Name: OpenGL Rendering Subsystem
16:08:48: GPU Vendor: nvidia
16:08:48: Device Name: NVS 3100M/PCI/SSE2
16:08:48: Driver Version: 3.3.0.0
16:08:48:  * Fixed function pipeline: yes
16:08:48:  * Hardware generation of mipmaps: yes
16:08:48:  * Texture blending: yes
16:08:48:  * Anisotropic texture filtering: yes
16:08:48:  * Dot product texture operation: yes
16:08:48:  * Cube mapping: yes
16:08:48:  * Hardware stencil buffer: yes
16:08:48:    - Stencil depth: 8
16:08:48:    - Two sided stencil support: yes
16:08:48:    - Wrap stencil values: yes
16:08:48:  * Hardware vertex / index buffers: yes
16:08:48:  * Vertex programs: yes
16:08:48:  * Number of floating-point constants for vertex programs: 1024
16:08:48:  * Number of integer constants for vertex programs: 0
16:08:48:  * Number of boolean constants for vertex programs: 0
16:08:48:  * Fragment programs: yes
16:08:48:  * Number of floating-point constants for fragment programs: 512
16:08:48:  * Number of integer constants for fragment programs: 0
16:08:48:  * Number of boolean constants for fragment programs: 0
16:08:48:  * Geometry programs: yes
16:08:48:  * Number of floating-point constants for geometry programs: 2048
16:08:48:  * Number of integer constants for geometry programs: 0
16:08:48:  * Number of boolean constants for geometry programs: 0
16:08:48:  * Supported Shader Profiles: arbfp1 arbvp1 fp20 fp30 fp40 glsl gp4gp gp4vp gpu_gp gpu_vp nvgp4 vp30 vp40
16:08:48:  * Texture Compression: yes
16:08:48:    - DXT: yes
16:08:48:    - VTC: yes
16:08:48:    - PVRTC: no
16:08:48:  * Scissor Rectangle: yes
16:08:48:  * Hardware Occlusion Query: yes
16:08:48:  * User clip planes: yes
16:08:48:  * VET_UBYTE4 vertex element type: yes
16:08:48:  * Infinite far plane projection: yes
16:08:48:  * Hardware render-to-texture: yes
16:08:48:  * Floating point textures: yes
16:08:48:  * Non-power-of-two textures: yes
16:08:48:  * Volume textures: yes
16:08:48:  * Multiple Render Targets: 8
16:08:48:    - With different bit depths: yes
16:08:48:  * Point Sprites: yes
16:08:48:  * Extended point parameters: yes
16:08:48:  * Max Point Size: 63.375
16:08:48:  * Vertex texture fetch: yes
16:08:48:  * Number of world matrices: 0
16:08:48:  * Number of texture units: 32
16:08:48:  * Stencil buffer depth: 8
16:08:48:  * Number of vertex blend matrices: 0
16:08:48:    - Max vertex textures: 32
16:08:48:    - Vertex textures shared: yes
16:08:48:  * Render to Vertex Buffer : yes
16:08:48:  * GL 1.5 without VBO workaround: no
16:08:48:  * Frame Buffer objects: yes
16:08:48:  * Frame Buffer objects (ARB extension): no
16:08:48:  * Frame Buffer objects (ATI extension): no
16:08:48:  * PBuffer support: yes
16:08:48:  * GL 1.5 without HW-occlusion workaround: no
16:08:48: Registering ResourceManager for type Texture
16:08:48: DefaultWorkQueue('Root') initialising on thread 0x10b9700.
16:08:48: DefaultWorkQueue('Root')::WorkerFunc - thread 0x129e890 starting.
16:08:48: DefaultWorkQueue('Root')::WorkerFunc - thread 0x14d77c0 starting.
16:08:48: DefaultWorkQueue('Root')::WorkerFunc - thread 0x14d4200 starting.
16:08:48: DefaultWorkQueue('Root')::WorkerFunc - thread 0x14d85f0 starting.
16:08:48: Particle Renderer Type 'billboard' registered
16:08:48: Parsing scripts for resource group Autodetect
16:08:48: Finished parsing scripts for resource group Autodetect
16:08:48: Parsing scripts for resource group Essential
16:08:48: Parsing script SdkTrays.material
16:08:48: Parsing script SdkTrays.fontdef
16:08:48: Parsing script SdkTrays.overlay
16:08:48: Bad element attribute line: '# you can offset the image to change the cursor "hotspot"' for element SdkTrays/Cursor in overlay 
16:08:48: Texture: sdk_cursor.png: Loading 1 faces(PF_A8R8G8B8,32x32x1) with 5 generated mipmaps from Image. Internal format is PF_A8R8G8B8,32x32x1.
16:08:48: Texture: sdk_tray.png: Loading 1 faces(PF_A8R8G8B8,64x64x1) with 5 generated mipmaps from Image. Internal format is PF_A8R8G8B8,64x64x1.
16:08:48: Texture: sdk_button_up.png: Loading 1 faces(PF_A8R8G8B8,128x32x1) with 5 generated mipmaps from Image. Internal format is PF_A8R8G8B8,128x32x1.
16:08:48: Texture: sdk_text_box.png: Loading 1 faces(PF_A8R8G8B8,32x32x1) with 5 generated mipmaps from Image. Internal format is PF_A8R8G8B8,32x32x1.
16:08:48: Texture: sdk_mini_tray.png: Loading 1 faces(PF_A8R8G8B8,32x32x1) with 5 generated mipmaps from Image. Internal format is PF_A8R8G8B8,32x32x1.
16:08:48: Texture: sdk_track.png: Loading 1 faces(PF_A8R8G8B8,16x32x1) with 5 generated mipmaps from Image. Internal format is PF_A8R8G8B8,16x32x1.
16:08:48: Texture: sdk_handle.png: Loading 1 faces(PF_A8R8G8B8,16x16x1) with 4 generated mipmaps from Image. Internal format is PF_A8R8G8B8,16x16x1.
16:08:48: Texture: sdk_mini_text_box.png: Loading 1 faces(PF_A8R8G8B8,32x32x1) with 5 generated mipmaps from Image. Internal format is PF_A8R8G8B8,32x32x1.
16:08:48: Texture: sdk_label.png: Loading 1 faces(PF_A8R8G8B8,32x32x1) with 5 generated mipmaps from Image. Internal format is PF_A8R8G8B8,32x32x1.
16:08:48: Texture: sdk_separator.png: Loading 1 faces(PF_A8R8G8B8,64x16x1) with 5 generated mipmaps from Image. Internal format is PF_A8R8G8B8,64x16x1.
16:08:48: Texture: sdk_logo.png: Loading 1 faces(PF_A8R8G8B8,128x64x1) with 5 generated mipmaps from Image. Internal format is PF_A8R8G8B8,128x64x1.
16:08:48: Texture: sdk_shade.png: Loading 1 faces(PF_A8R8G8B8,64x48x1) with 5 generated mipmaps from Image. Internal format is PF_A8R8G8B8,64x48x1.
16:08:48: Texture: sdk_frame.png: Loading 1 faces(PF_A8R8G8B8,32x32x1) with 5 generated mipmaps from Image. Internal format is PF_A8R8G8B8,32x32x1.
16:08:48: Texture: sdk_mini_text_box_over.png: Loading 1 faces(PF_A8R8G8B8,32x32x1) with 5 generated mipmaps from Image. Internal format is PF_A8R8G8B8,32x32x1.
16:08:48: Texture: sdk_pulse.png: Loading 1 faces(PF_R8G8B8,8x1x1) with 3 generated mipmaps from Image. Internal format is PF_X8R8G8B8,8x1x1.
16:08:48: Finished parsing scripts for resource group Essential
16:08:48: Parsing scripts for resource group General
16:08:48: Parsing script StdQuad_vp.program
16:08:48: Parsing script Sobel.material
16:08:49: Parsing script Hatching.material
16:08:49: Parsing script BlackAndWhite.material
16:08:49: Parsing script CelShading.material
16:08:49: Parsing script CelShading.compositor
16:08:49: Parsing script BlackAndWhite.compositor
16:08:49: Parsing script Sobel.compositor
16:08:49: Finished parsing scripts for resource group General
16:08:49: Parsing scripts for resource group Internal
16:08:49: Finished parsing scripts for resource group Internal
16:08:49: Mesh: Loading ogrehead.mesh.
16:08:49: Can't assign material Ogre/Eyes to SubEntity of Head2 because this Material does not exist. Have you forgotten to define it in a .material script?
16:08:49: Can't assign material Ogre/Skin to SubEntity of Head2 because this Material does not exist. Have you forgotten to define it in a .material script?
16:08:49: Can't assign material Ogre/Earring to SubEntity of Head2 because this Material does not exist. Have you forgotten to define it in a .material script?
16:08:49: Can't assign material Ogre/Tusks to SubEntity of Head2 because this Material does not exist. Have you forgotten to define it in a .material script?
16:08:49: Can't assign material Ogre/Eyes to SubEntity of Head because this Material does not exist. Have you forgotten to define it in a .material script?
16:08:49: Can't assign material Ogre/Skin to SubEntity of Head because this Material does not exist. Have you forgotten to define it in a .material script?
16:08:49: Can't assign material Ogre/Earring to SubEntity of Head because this Material does not exist. Have you forgotten to define it in a .material script?
16:08:49: Can't assign material Ogre/Tusks to SubEntity of Head because this Material does not exist. Have you forgotten to define it in a .material script?
16:08:49: Texture: GreenSkin.jpg: Loading 1 faces(PF_R8G8B8,256x256x1) with 5 generated mipmaps from Image. Internal format is PF_X8R8G8B8,256x256x1.
16:08:49: Texture: TAM0.dds: Loading 1 faces(PF_L8,512x512x1) with 9 custom mipmaps from Image. Internal format is PF_L8,512x512x1.
16:08:49: Texture: TAM1.dds: Loading 1 faces(PF_A8R8G8B8,512x512x1) with 5 custom mipmaps from Image. Internal format is PF_A8R8G8B8,512x512x1.
16:08:49: Texture: TAM2.dds: Loading 1 faces(PF_A8R8G8B8,512x512x1) with 5 custom mipmaps from Image. Internal format is PF_A8R8G8B8,512x512x1.
16:08:49: Texture: TAM3.dds: Loading 1 faces(PF_A8R8G8B8,512x512x1) with 5 custom mipmaps from Image. Internal format is PF_A8R8G8B8,512x512x1.
16:08:49: Texture: TAM4.dds: Loading 1 faces(PF_A8R8G8B8,512x512x1) with 5 custom mipmaps from Image. Internal format is PF_A8R8G8B8,512x512x1.
16:08:49: Texture: TAM5.dds: Loading 1 faces(PF_A8R8G8B8,512x512x1) with 5 custom mipmaps from Image. Internal format is PF_A8R8G8B8,512x512x1.
16:08:49: *** Initializing OIS ***
16:08:49: Font SdkTrays/Captionusing texture size 512x256
16:08:49: Info: Freetype returned null for character 160 in font SdkTrays/Caption
16:08:49: Texture: SdkTrays/CaptionTexture: Loading 1 faces(PF_BYTE_LA,512x256x1) with 0 generated mipmaps from Image. Internal format is PF_BYTE_LA,512x256x1.
